<?xml version="1.0" encoding="UTF-8"?>
<!-- Generated by org.testng.reporters.JUnitReportReporter -->
<testsuite hostname="DESKTOP-F97S5V0" failures="0" tests="3" name="com.movie.Details" time="159.909" errors="0" timestamp="2022-08-16T22:01:38 IST" skipped="0">
  <testcase classname="com.movie.Details" name="compare" time="0.057"/>
  <system-out/>
  <testcase classname="com.movie.Details" name="IMDB" time="110.217"/>
  <system-out/>
  <testcase classname="com.movie.Details" name="wiki" time="49.635"/>
  <system-out/>
</testsuite> <!-- com.movie.Details -->
